# JRE version: Java(TM) SE Runtime Environment (8.0_11-b12) (build 1.8.0_11-b12)
# Java VM: Java HotSpot(TM) Client VM (25.11-b03 mixed mode, sharing windows-x86 )
Heap:
 def new generation   total 8832K, used 2754K [0x03c00000, 0x04590000, 0x09150000)
  eden space 7872K,  29% used [0x03c00000, 0x03e498d8, 0x043b0000)
  from space 960K,  42% used [0x044a0000, 0x045071e8, 0x04590000)
  to   space 960K,   0% used [0x043b0000, 0x043b0000, 0x044a0000)
 tenured generation   total 19432K, used 13407K [0x09150000, 0x0a44a000, 0x13c00000)
   the space 19432K,  68% used [0x09150000, 0x09e67c90, 0x09e67e00, 0x0a44a000)
 Metaspace       used 3289K, capacity 3634K, committed 3648K, reserved 4480K
GC Heap History (10 events):
Event: 50.860 GC heap before
{Heap before GC invocations=149 (full 3):
 def new generation   total 8832K, used 8281K [0x03c00000, 0x04590000, 0x09150000)
  eden space 7872K, 100% used [0x03c00000, 0x043b0000, 0x043b0000)
  from space 960K,  42% used [0x043b0000, 0x044165f8, 0x044a0000)
  to   space 960K,   0% used [0x044a0000, 0x044a0000, 0x04590000)
 tenured generation   total 19432K, used 13352K [0x09150000, 0x0a44a000, 0x13c00000)
   the space 19432K,  68% used [0x09150000, 0x09e5a338, 0x09e5a400, 0x0a44a000)
 Metaspace       used 3289K, capacity 3634K, committed 3648K, reserved 4480K
Event: 50.862 GC heap after
Heap after GC invocations=150 (full 3):
 def new generation   total 8832K, used 388K [0x03c00000, 0x04590000, 0x09150000)
  eden space 7872K,   0% used [0x03c00000, 0x03c00000, 0x043b0000)
  from space 960K,  40% used [0x044a0000, 0x045013f0, 0x04590000)
  to   space 960K,   0% used [0x043b0000, 0x043b0000, 0x044a0000)
 tenured generation   total 19432K, used 13365K [0x09150000, 0x0a44a000, 0x13c00000)
   the space 19432K,  68% used [0x09150000, 0x09e5d7b8, 0x09e5d800, 0x0a44a000)
 Metaspace       used 3289K, capacity 3634K, committed 3648K, reserved 4480K
}
Event: 51.545 GC heap before
{Heap before GC invocations=150 (full 3):
 def new generation   total 8832K, used 8260K [0x03c00000, 0x04590000, 0x09150000)
  eden space 7872K, 100% used [0x03c00000, 0x043b0000, 0x043b0000)
  from space 960K,  40% used [0x044a0000, 0x045013f0, 0x04590000)
  to   space 960K,   0% used [0x043b0000, 0x043b0000, 0x044a0000)
 tenured generation   total 19432K, used 13365K [0x09150000, 0x0a44a000, 0x13c00000)
   the space 19432K,  68% used [0x09150000, 0x09e5d7b8, 0x09e5d800, 0x0a44a000)
 Metaspace       used 3289K, capacity 3634K, committed 3648K, reserved 4480K
Event: 51.547 GC heap after
Heap after GC invocations=151 (full 3):
 def new generation   total 8832K, used 380K [0x03c00000, 0x04590000, 0x09150000)
  eden space 7872K,   0% used [0x03c00000, 0x03c00000, 0x043b0000)
  from space 960K,  39% used [0x043b0000, 0x0440f0b8, 0x044a0000)
  to   space 960K,   0% used [0x044a0000, 0x044a0000, 0x04590000)
 tenured generation   total 19432K, used 13378K [0x09150000, 0x0a44a000, 0x13c00000)
   the space 19432K,  68% used [0x09150000, 0x09e60af8, 0x09e60c00, 0x0a44a000)
 Metaspace       used 3289K, capacity 3634K, committed 3648K, reserved 4480K
}
Event: 52.970 GC heap before
{Heap before GC invocations=151 (full 3):
 def new generation   total 8832K, used 8252K [0x03c00000, 0x04590000, 0x09150000)
  eden space 7872K, 100% used [0x03c00000, 0x043b0000, 0x043b0000)
  from space 960K,  39% used [0x043b0000, 0x0440f0b8, 0x044a0000)
  to   space 960K,   0% used [0x044a0000, 0x044a0000, 0x04590000)
 tenured generation   total 19432K, used 13378K [0x09150000, 0x0a44a000, 0x13c00000)
   the space 19432K,  68% used [0x09150000, 0x09e60af8, 0x09e60c00, 0x0a44a000)
 Metaspace       used 3289K, capacity 3634K, committed 3648K, reserved 4480K
Event: 52.972 GC heap after
Heap after GC invocations=152 (full 3):
 def new generation   total 8832K, used 383K [0x03c00000, 0x04590000, 0x09150000)
  eden space 7872K,   0% used [0x03c00000, 0x03c00000, 0x043b0000)
  from space 960K,  39% used [0x044a0000, 0x044fffe8, 0x04590000)
  to   space 960K,   0% used [0x043b0000, 0x043b0000, 0x044a0000)
 tenured generation   total 19432K, used 13385K [0x09150000, 0x0a44a000, 0x13c00000)
   the space 19432K,  68% used [0x09150000, 0x09e625a8, 0x09e62600, 0x0a44a000)
 Metaspace       used 3289K, capacity 3634K, committed 3648K, reserved 4480K
}
Event: 53.069 GC heap before
{Heap before GC invocations=152 (full 3):
 def new generation   total 8832K, used 8255K [0x03c00000, 0x04590000, 0x09150000)
  eden space 7872K, 100% used [0x03c00000, 0x043b0000, 0x043b0000)
  from space 960K,  39% used [0x044a0000, 0x044fffe8, 0x04590000)
  to   space 960K,   0% used [0x043b0000, 0x043b0000, 0x044a0000)
 tenured generation   total 19432K, used 13385K [0x09150000, 0x0a44a000, 0x13c00000)
   the space 19432K,  68% used [0x09150000, 0x09e625a8, 0x09e62600, 0x0a44a000)
 Metaspace       used 3289K, capacity 3634K, committed 3648K, reserved 4480K
Event: 53.072 GC heap after
Heap after GC invocations=153 (full 3):
 def new generation   total 8832K, used 401K [0x03c00000, 0x04590000, 0x09150000)
  eden space 7872K,   0% used [0x03c00000, 0x03c00000, 0x043b0000)
  from space 960K,  41% used [0x043b0000, 0x04414400, 0x044a0000)
  to   space 960K,   0% used [0x044a0000, 0x044a0000, 0x04590000)
 tenured generation   total 19432K, used 13401K [0x09150000, 0x0a44a000, 0x13c00000)
   the space 19432K,  68% used [0x09150000, 0x09e66450, 0x09e66600, 0x0a44a000)
 Metaspace       used 3289K, capacity 3634K, committed 3648K, reserved 4480K
}
Event: 53.179 GC heap before
{Heap before GC invocations=153 (full 3):
 def new generation   total 8832K, used 8273K [0x03c00000, 0x04590000, 0x09150000)
  eden space 7872K, 100% used [0x03c00000, 0x043b0000, 0x043b0000)
  from space 960K,  41% used [0x043b0000, 0x04414400, 0x044a0000)
  to   space 960K,   0% used [0x044a0000, 0x044a0000, 0x04590000)
 tenured generation   total 19432K, used 13401K [0x09150000, 0x0a44a000, 0x13c00000)
   the space 19432K,  68% used [0x09150000, 0x09e66450, 0x09e66600, 0x0a44a000)
 Metaspace       used 3289K, capacity 3634K, committed 3648K, reserved 4480K
Event: 53.181 GC heap after
Heap after GC invocations=154 (full 3):
 def new generation   total 8832K, used 412K [0x03c00000, 0x04590000, 0x09150000)
  eden space 7872K,   0% used [0x03c00000, 0x03c00000, 0x043b0000)
  from space 960K,  42% used [0x044a0000, 0x045071e8, 0x04590000)
  to   space 960K,   0% used [0x043b0000, 0x043b0000, 0x044a0000)
 tenured generation   total 19432K, used 13407K [0x09150000, 0x0a44a000, 0x13c00000)
   the space 19432K,  68% used [0x09150000, 0x09e67c90, 0x09e67e00, 0x0a44a000)
 Metaspace       used 3289K, capacity 3634K, committed 3648K, reserved 4480K
}

