# JRE version: Java(TM) SE Runtime Environment (8.0_11-b12) (build 1.8.0_11-b12)
# Java VM: Java HotSpot(TM) Client VM (25.11-b03 mixed mode windows-x86 )
Heap:
 def new generation   total 4928K, used 1839K [0x03e00000, 0x04350000, 0x09350000)
  eden space 4416K,  40% used [0x03e00000, 0x03fbde10, 0x04250000)
  from space 512K,  10% used [0x04250000, 0x0425e128, 0x042d0000)
  to   space 512K,   0% used [0x042d0000, 0x042d0000, 0x04350000)
 tenured generation   total 10944K, used 2768K [0x09350000, 0x09e00000, 0x13e00000)
   the space 10944K,  25% used [0x09350000, 0x09604160, 0x09604200, 0x09e00000)
 Metaspace       used 8637K, capacity 8752K, committed 8832K, reserved 9600K
GC Heap History (10 events):
Event: 4.696 GC heap before
{Heap before GC invocations=7 (full 0):
 def new generation   total 4928K, used 4820K [0x03e00000, 0x04350000, 0x09350000)
  eden space 4416K, 100% used [0x03e00000, 0x04250000, 0x04250000)
  from space 512K,  78% used [0x042d0000, 0x04335070, 0x04350000)
  to   space 512K,   0% used [0x04250000, 0x04250000, 0x042d0000)
 tenured generation   total 10944K, used 2616K [0x09350000, 0x09e00000, 0x13e00000)
   the space 10944K,  23% used [0x09350000, 0x095de1c8, 0x095de200, 0x09e00000)
 Metaspace       used 8615K, capacity 8752K, committed 8832K, reserved 9600K
Event: 4.697 GC heap after
Heap after GC invocations=8 (full 0):
 def new generation   total 4928K, used 49K [0x03e00000, 0x04350000, 0x09350000)
  eden space 4416K,   0% used [0x03e00000, 0x03e00000, 0x04250000)
  from space 512K,   9% used [0x04250000, 0x0425c5c0, 0x042d0000)
  to   space 512K,   0% used [0x042d0000, 0x042d0000, 0x04350000)
 tenured generation   total 10944K, used 2768K [0x09350000, 0x09e00000, 0x13e00000)
   the space 10944K,  25% used [0x09350000, 0x09604160, 0x09604200, 0x09e00000)
 Metaspace       used 8615K, capacity 8752K, committed 8832K, reserved 9600K
}
Event: 5.048 GC heap before
{Heap before GC invocations=8 (full 0):
 def new generation   total 4928K, used 4465K [0x03e00000, 0x04350000, 0x09350000)
  eden space 4416K, 100% used [0x03e00000, 0x04250000, 0x04250000)
  from space 512K,   9% used [0x04250000, 0x0425c5c0, 0x042d0000)
  to   space 512K,   0% used [0x042d0000, 0x042d0000, 0x04350000)
 tenured generation   total 10944K, used 2768K [0x09350000, 0x09e00000, 0x13e00000)
   the space 10944K,  25% used [0x09350000, 0x09604160, 0x09604200, 0x09e00000)
 Metaspace       used 8615K, capacity 8752K, committed 8832K, reserved 9600K
Event: 5.049 GC heap after
Heap after GC invocations=9 (full 0):
 def new generation   total 4928K, used 194K [0x03e00000, 0x04350000, 0x09350000)
  eden space 4416K,   0% used [0x03e00000, 0x03e00000, 0x04250000)
  from space 512K,  38% used [0x042d0000, 0x04300af8, 0x04350000)
  to   space 512K,   0% used [0x04250000, 0x04250000, 0x042d0000)
 tenured generation   total 10944K, used 2768K [0x09350000, 0x09e00000, 0x13e00000)
   the space 10944K,  25% used [0x09350000, 0x09604160, 0x09604200, 0x09e00000)
 Metaspace       used 8615K, capacity 8752K, committed 8832K, reserved 9600K
}
Event: 5.438 GC heap before
{Heap before GC invocations=9 (full 0):
 def new generation   total 4928K, used 4610K [0x03e00000, 0x04350000, 0x09350000)
  eden space 4416K, 100% used [0x03e00000, 0x04250000, 0x04250000)
  from space 512K,  38% used [0x042d0000, 0x04300af8, 0x04350000)
  to   space 512K,   0% used [0x04250000, 0x04250000, 0x042d0000)
 tenured generation   total 10944K, used 2768K [0x09350000, 0x09e00000, 0x13e00000)
   the space 10944K,  25% used [0x09350000, 0x09604160, 0x09604200, 0x09e00000)
 Metaspace       used 8615K, capacity 8752K, committed 8832K, reserved 9600K
Event: 5.439 GC heap after
Heap after GC invocations=10 (full 0):
 def new generation   total 4928K, used 49K [0x03e00000, 0x04350000, 0x09350000)
  eden space 4416K,   0% used [0x03e00000, 0x03e00000, 0x04250000)
  from space 512K,   9% used [0x04250000, 0x0425c4f0, 0x042d0000)
  to   space 512K,   0% used [0x042d0000, 0x042d0000, 0x04350000)
 tenured generation   total 10944K, used 2768K [0x09350000, 0x09e00000, 0x13e00000)
   the space 10944K,  25% used [0x09350000, 0x09604160, 0x09604200, 0x09e00000)
 Metaspace       used 8615K, capacity 8752K, committed 8832K, reserved 9600K
}
Event: 5.913 GC heap before
{Heap before GC invocations=10 (full 0):
 def new generation   total 4928K, used 4465K [0x03e00000, 0x04350000, 0x09350000)
  eden space 4416K, 100% used [0x03e00000, 0x04250000, 0x04250000)
  from space 512K,   9% used [0x04250000, 0x0425c4f0, 0x042d0000)
  to   space 512K,   0% used [0x042d0000, 0x042d0000, 0x04350000)
 tenured generation   total 10944K, used 2768K [0x09350000, 0x09e00000, 0x13e00000)
   the space 10944K,  25% used [0x09350000, 0x09604160, 0x09604200, 0x09e00000)
 Metaspace       used 8615K, capacity 8752K, committed 8832K, reserved 9600K
Event: 5.913 GC heap after
Heap after GC invocations=11 (full 0):
 def new generation   total 4928K, used 74K [0x03e00000, 0x04350000, 0x09350000)
  eden space 4416K,   0% used [0x03e00000, 0x03e00000, 0x04250000)
  from space 512K,  14% used [0x042d0000, 0x042e2be0, 0x04350000)
  to   space 512K,   0% used [0x04250000, 0x04250000, 0x042d0000)
 tenured generation   total 10944K, used 2768K [0x09350000, 0x09e00000, 0x13e00000)
   the space 10944K,  25% used [0x09350000, 0x09604160, 0x09604200, 0x09e00000)
 Metaspace       used 8615K, capacity 8752K, committed 8832K, reserved 9600K
}
Event: 6.310 GC heap before
{Heap before GC invocations=11 (full 0):
 def new generation   total 4928K, used 4490K [0x03e00000, 0x04350000, 0x09350000)
  eden space 4416K, 100% used [0x03e00000, 0x04250000, 0x04250000)
  from space 512K,  14% used [0x042d0000, 0x042e2be0, 0x04350000)
  to   space 512K,   0% used [0x04250000, 0x04250000, 0x042d0000)
 tenured generation   total 10944K, used 2768K [0x09350000, 0x09e00000, 0x13e00000)
   the space 10944K,  25% used [0x09350000, 0x09604160, 0x09604200, 0x09e00000)
 Metaspace       used 8615K, capacity 8752K, committed 8832K, reserved 9600K
Event: 6.312 GC heap after
Heap after GC invocations=12 (full 0):
 def new generation   total 4928K, used 56K [0x03e00000, 0x04350000, 0x09350000)
  eden space 4416K,   0% used [0x03e00000, 0x03e00000, 0x04250000)
  from space 512K,  10% used [0x04250000, 0x0425e128, 0x042d0000)
  to   space 512K,   0% used [0x042d0000, 0x042d0000, 0x04350000)
 tenured generation   total 10944K, used 2768K [0x09350000, 0x09e00000, 0x13e00000)
   the space 10944K,  25% used [0x09350000, 0x09604160, 0x09604200, 0x09e00000)
 Metaspace       used 8615K, capacity 8752K, committed 8832K, reserved 9600K
}

